# JRE version: Java(TM) SE Runtime Environment (8.0-b115) (build 1.8.0-ea-b115)
# Java VM: Java HotSpot(TM) 64-Bit Server VM (25.0-b57 mixed mode linux-amd64 compressed oops)
Heap:
 PSYoungGen      total 318976K, used 129032K [0x00000000ec000000, 0x0000000100000000, 0x0000000100000000)
  eden space 311296K, 41% used [0x00000000ec000000,0x00000000f3dc20d8,0x00000000ff000000)
  from space 7680K, 3% used [0x00000000ff880000,0x00000000ff8c0000,0x0000000100000000)
  to   space 8192K, 0% used [0x00000000ff000000,0x00000000ff000000,0x00000000ff800000)
 ParOldGen       total 35840K, used 17488K [0x00000000c4000000, 0x00000000c6300000, 0x00000000ec000000)
  object space 35840K, 48% used [0x00000000c4000000,0x00000000c51143c8,0x00000000c6300000)
 Metaspace       used 25787K, capacity 28839K, committed 28928K, reserved 1071104K
  class space    used 5444K, capacity 6847K, committed 6912K, reserved 1048576K
GC Heap History (10 events):
Event: 110,564 GC heap before
{Heap before GC invocations=11 (full 0):
 PSYoungGen      total 320000K, used 73340K [0x00000000ec000000, 0x0000000100000000, 0x0000000100000000)
  eden space 313344K, 21% used [0x00000000ec000000,0x00000000f01afeb8,0x00000000ff200000)
  from space 6656K, 91% used [0x00000000ff980000,0x00000000fff6f1d8,0x0000000100000000)
  to   space 7168K, 0% used [0x00000000ff200000,0x00000000ff200000,0x00000000ff900000)
 ParOldGen       total 40960K, used 13473K [0x00000000c4000000, 0x00000000c6800000, 0x00000000ec000000)
  object space 40960K, 32% used [0x00000000c4000000,0x00000000c4d28478,0x00000000c6800000)
 Metaspace       used 19529K, capacity 21113K, committed 21248K, reserved 1067008K
  class space    used 3946K, capacity 4514K, committed 4608K, reserved 1048576K
Event: 110,573 GC heap after
Heap after GC invocations=11 (full 0):
 PSYoungGen      total 315392K, used 2000K [0x00000000ec000000, 0x0000000100000000, 0x0000000100000000)
  eden space 313344K, 0% used [0x00000000ec000000,0x00000000ec000000,0x00000000ff200000)
  from space 2048K, 97% used [0x00000000ff200000,0x00000000ff3f4108,0x00000000ff400000)
  to   space 7680K, 0% used [0x00000000ff880000,0x00000000ff880000,0x0000000100000000)
 ParOldGen       total 40960K, used 18665K [0x00000000c4000000, 0x00000000c6800000, 0x00000000ec000000)
  object space 40960K, 45% used [0x00000000c4000000,0x00000000c523a4a8,0x00000000c6800000)
 Metaspace       used 19529K, capacity 21113K, committed 21248K, reserved 1067008K
  class space    used 3946K, capacity 4514K, committed 4608K, reserved 1048576K
}
Event: 110,573 GC heap before
{Heap before GC invocations=12 (full 1):
 PSYoungGen      total 315392K, used 2000K [0x00000000ec000000, 0x0000000100000000, 0x0000000100000000)
  eden space 313344K, 0% used [0x00000000ec000000,0x00000000ec000000,0x00000000ff200000)
  from space 2048K, 97% used [0x00000000ff200000,0x00000000ff3f4108,0x00000000ff400000)
  to   space 7680K, 0% used [0x00000000ff880000,0x00000000ff880000,0x0000000100000000)
 ParOldGen       total 40960K, used 18665K [0x00000000c4000000, 0x00000000c6800000, 0x00000000ec000000)
  object space 40960K, 45% used [0x00000000c4000000,0x00000000c523a4a8,0x00000000c6800000)
 Metaspace       used 19529K, capacity 21113K, committed 21248K, reserved 1067008K
  class space    used 3946K, capacity 4514K, committed 4608K, reserved 1048576K
Event: 110,656 GC heap after
Heap after GC invocations=12 (full 1):
 PSYoungGen      total 315392K, used 0K [0x00000000ec000000, 0x0000000100000000, 0x0000000100000000)
  eden space 313344K, 0% used [0x00000000ec000000,0x00000000ec000000,0x00000000ff200000)
  from space 2048K, 0% used [0x00000000ff200000,0x00000000ff200000,0x00000000ff400000)
  to   space 7680K, 0% used [0x00000000ff880000,0x00000000ff880000,0x0000000100000000)
 ParOldGen       total 35840K, used 15476K [0x00000000c4000000, 0x00000000c6300000, 0x00000000ec000000)
  object space 35840K, 43% used [0x00000000c4000000,0x00000000c4f1d108,0x00000000c6300000)
 Metaspace       used 19527K, capacity 21107K, committed 21248K, reserved 1067008K
  class space    used 3945K, capacity 4513K, committed 4608K, reserved 1048576K
}
Event: 4741,557 GC heap before
{Heap before GC invocations=13 (full 1):
 PSYoungGen      total 315392K, used 313344K [0x00000000ec000000, 0x0000000100000000, 0x0000000100000000)
  eden space 313344K, 100% used [0x00000000ec000000,0x00000000ff200000,0x00000000ff200000)
  from space 2048K, 0% used [0x00000000ff200000,0x00000000ff200000,0x00000000ff400000)
  to   space 7680K, 0% used [0x00000000ff880000,0x00000000ff880000,0x0000000100000000)
 ParOldGen       total 35840K, used 15476K [0x00000000c4000000, 0x00000000c6300000, 0x00000000ec000000)
  object space 35840K, 43% used [0x00000000c4000000,0x00000000c4f1d108,0x00000000c6300000)
 Metaspace       used 24363K, capacity 26671K, committed 26880K, reserved 1071104K
  class space    used 4896K, capacity 5844K, committed 5888K, reserved 1048576K
Event: 4741,566 GC heap after
Heap after GC invocations=13 (full 1):
 PSYoungGen      total 320000K, used 1928K [0x00000000ec000000, 0x0000000100000000, 0x0000000100000000)
  eden space 312320K, 0% used [0x00000000ec000000,0x00000000ec000000,0x00000000ff100000)
  from space 7680K, 25% used [0x00000000ff880000,0x00000000ffa62218,0x0000000100000000)
  to   space 7680K, 0% used [0x00000000ff100000,0x00000000ff100000,0x00000000ff880000)
 ParOldGen       total 35840K, used 15503K [0x00000000c4000000, 0x00000000c6300000, 0x00000000ec000000)
  object space 35840K, 43% used [0x00000000c4000000,0x00000000c4f23d58,0x00000000c6300000)
 Metaspace       used 24363K, capacity 26671K, committed 26880K, reserved 1071104K
  class space    used 4896K, capacity 5844K, committed 5888K, reserved 1048576K
}
Event: 4762,032 GC heap before
{Heap before GC invocations=14 (full 1):
 PSYoungGen      total 320000K, used 314248K [0x00000000ec000000, 0x0000000100000000, 0x0000000100000000)
  eden space 312320K, 100% used [0x00000000ec000000,0x00000000ff100000,0x00000000ff100000)
  from space 7680K, 25% used [0x00000000ff880000,0x00000000ffa62218,0x0000000100000000)
  to   space 7680K, 0% used [0x00000000ff100000,0x00000000ff100000,0x00000000ff880000)
 ParOldGen       total 35840K, used 15503K [0x00000000c4000000, 0x00000000c6300000, 0x00000000ec000000)
  object space 35840K, 43% used [0x00000000c4000000,0x00000000c4f23d58,0x00000000c6300000)
 Metaspace       used 24789K, capacity 27367K, committed 27520K, reserved 1071104K
  class space    used 5085K, capacity 6215K, committed 6272K, reserved 1048576K
Event: 4762,037 GC heap after
Heap after GC invocations=14 (full 1):
 PSYoungGen      total 320000K, used 320K [0x00000000ec000000, 0x0000000100000000, 0x0000000100000000)
  eden space 312320K, 0% used [0x00000000ec000000,0x00000000ec000000,0x00000000ff100000)
  from space 7680K, 4% used [0x00000000ff100000,0x00000000ff150000,0x00000000ff880000)
  to   space 7680K, 0% used [0x00000000ff880000,0x00000000ff880000,0x0000000100000000)
 ParOldGen       total 35840K, used 17272K [0x00000000c4000000, 0x00000000c6300000, 0x00000000ec000000)
  object space 35840K, 48% used [0x00000000c4000000,0x00000000c50de3b8,0x00000000c6300000)
 Metaspace       used 24789K, capacity 27367K, committed 27520K, reserved 1071104K
  class space    used 5085K, capacity 6215K, committed 6272K, reserved 1048576K
}
Event: 4806,162 GC heap before
{Heap before GC invocations=15 (full 1):
 PSYoungGen      total 320000K, used 312640K [0x00000000ec000000, 0x0000000100000000, 0x0000000100000000)
  eden space 312320K, 100% used [0x00000000ec000000,0x00000000ff100000,0x00000000ff100000)
  from space 7680K, 4% used [0x00000000ff100000,0x00000000ff150000,0x00000000ff880000)
  to   space 7680K, 0% used [0x00000000ff880000,0x00000000ff880000,0x0000000100000000)
 ParOldGen       total 35840K, used 17272K [0x00000000c4000000, 0x00000000c6300000, 0x00000000ec000000)
  object space 35840K, 48% used [0x00000000c4000000,0x00000000c50de3b8,0x00000000c6300000)
 Metaspace       used 25252K, capacity 28121K, committed 28416K, reserved 1071104K
  class space    used 5294K, capacity 6613K, committed 6656K, reserved 1048576K
Event: 4806,166 GC heap after
Heap after GC invocations=15 (full 1):
 PSYoungGen      total 318976K, used 256K [0x00000000ec000000, 0x0000000100000000, 0x0000000100000000)
  eden space 311296K, 0% used [0x00000000ec000000,0x00000000ec000000,0x00000000ff000000)
  from space 7680K, 3% used [0x00000000ff880000,0x00000000ff8c0000,0x0000000100000000)
  to   space 8192K, 0% used [0x00000000ff000000,0x00000000ff000000,0x00000000ff800000)
 ParOldGen       total 35840K, used 17488K [0x00000000c4000000, 0x00000000c6300000, 0x00000000ec000000)
  object space 35840K, 48% used [0x00000000c4000000,0x00000000c51143c8,0x00000000c6300000)
 Metaspace       used 25252K, capacity 28121K, committed 28416K, reserved 1071104K
  class space    used 5294K, capacity 6613K, committed 6656K, reserved 1048576K
}

